# started on Thu Jun 25 17:02:09 2020

[ perf stat: executing run #1 ... ]
task-clock: 1065514 1065514 1065514
context-switches: 0 1065514 1065514
cpu-migrations: 0 1065514 1065514
page-faults: 181 1065514 1065514
cycles: 3288886 1068905 1068905
instructions: 2756598 1068905 1068905
branches: 542318 1068905 1068905
branch-misses: 23062 1068905 1068905
[ perf stat: executing run #2 ... ]
task-clock: 937957 937957 937957
context-switches: 0 937957 937957
cpu-migrations: 0 937957 937957
page-faults: 179 937957 937957
cycles: 2896050 940090 940090
instructions: 2704164 940090 940090
branches: 530328 940090 940090
branch-misses: 21183 940090 940090
[ perf stat: executing run #3 ... ]
task-clock: 939173 939173 939173
context-switches: 0 939173 939173
cpu-migrations: 0 939173 939173
page-faults: 178 939173 939173
cycles: 2899988 941270 941270
instructions: 2710056 941270 941270
branches: 532000 941270 941270
branch-misses: 20753 941270 941270

 Performance counter stats for 'nice -n -20 ionice -c 2 -n 0 echo asdfasdf' (3 runs):

          0.980881      task-clock (msec)         #    0.852 CPUs utilized            ( +-  4.31% )
                 0      context-switches          #    0.000 K/sec                  
                 0      cpu-migrations            #    0.000 K/sec                  
               179      page-faults               #    0.183 M/sec                    ( +-  0.49% )
         3,028,308      cycles                    #    3.087 GHz                      ( +-  4.30% )
         2,723,606      instructions              #    0.90  insn per cycle           ( +-  0.61% )
           534,882      branches                  #  545.308 M/sec                    ( +-  0.70% )
            21,666      branch-misses             #    4.05% of all branches          ( +-  3.27% )

       0.001151591 seconds time elapsed                                          ( +-  5.11% )

